<?xml version="1.0" encoding="UTF-8"?>
<testng-results ignored="0" total="1" passed="1" failed="0" skipped="0">
  <reporter-output>
  </reporter-output>
  <suite started-at="2022-01-06T03:02:22Z" name="Default suite" finished-at="2022-01-06T03:02:39Z" duration-ms="16925">
    <groups>
    </groups>
    <test started-at="2022-01-06T03:02:22Z" name="Default test" finished-at="2022-01-06T03:02:39Z" duration-ms="16925">
      <class name="com.test.TestCasesPF">
        <test-method is-config="true" signature="setup()[pri:0, instance:com.test.TestCasesPF@6e6f2380]" started-at="2022-01-06T03:02:22Z" name="setup" finished-at="2022-01-06T03:02:26Z" duration-ms="3648" status="PASS">
          <reporter-output>
          </reporter-output>
        </test-method> <!-- setup -->
        <test-method signature="testSignIn()[pri:0, instance:com.test.TestCasesPF@6e6f2380]" started-at="2022-01-06T03:02:26Z" name="testSignIn" finished-at="2022-01-06T03:02:35Z" duration-ms="9010" status="PASS">
          <reporter-output>
          </reporter-output>
        </test-method> <!-- testSignIn -->
        <test-method is-config="true" signature="closeBrowser()[pri:0, instance:com.test.TestCasesPF@6e6f2380]" started-at="2022-01-06T03:02:35Z" name="closeBrowser" finished-at="2022-01-06T03:02:39Z" duration-ms="4230" status="PASS">
          <reporter-output>
          </reporter-output>
        </test-method> <!-- closeBrowser -->
      </class> <!-- com.test.TestCasesPF -->
    </test> <!-- Default test -->
  </suite> <!-- Default suite -->
</testng-results>
