<?xml version="1.0" encoding="UTF-8"?>
<testng-results ignored="0" total="1" passed="1" failed="0" skipped="0">
  <reporter-output>
  </reporter-output>
  <suite started-at="2022-01-08T05:48:14Z" name="Default suite" finished-at="2022-01-08T05:49:01Z" duration-ms="46887">
    <groups>
    </groups>
    <test started-at="2022-01-08T05:48:14Z" name="Default test" finished-at="2022-01-08T05:49:01Z" duration-ms="46887">
      <class name="com.test.TestCases">
        <test-method is-config="true" signature="setup()[pri:0, instance:com.test.TestCases@6e6f2380]" started-at="2022-01-08T05:48:14Z" name="setup" finished-at="2022-01-08T05:48:29Z" duration-ms="14441" status="PASS">
          <reporter-output>
          </reporter-output>
        </test-method> <!-- setup -->
        <test-method signature="testSignIn()[pri:0, instance:com.test.TestCases@6e6f2380]" started-at="2022-01-08T05:48:29Z" name="testSignIn" finished-at="2022-01-08T05:49:00Z" duration-ms="31346" status="PASS">
          <reporter-output>
          </reporter-output>
        </test-method> <!-- testSignIn -->
        <test-method is-config="true" signature="closeBrowser()[pri:0, instance:com.test.TestCases@6e6f2380]" started-at="2022-01-08T05:49:01Z" name="closeBrowser" finished-at="2022-01-08T05:49:01Z" duration-ms="795" status="PASS">
          <reporter-output>
          </reporter-output>
        </test-method> <!-- closeBrowser -->
      </class> <!-- com.test.TestCases -->
    </test> <!-- Default test -->
  </suite> <!-- Default suite -->
</testng-results>
